<?xml version="1.0" encoding="UTF-8"?>
<!-- Generated by org.testng.reporters.JUnitXMLReporter -->
<testsuite ignored="3" hostname="W10CG753X2" failures="1" tests="4" name="Goibibo Tests" time="1110.656" errors="0" timestamp="2022-03-08T16:42:53 IST">
  <testcase classname="com.goibibo.tests.TS_001_Hotel_Search" name="hotelSearch" time="445.507"/>
  <testcase classname="com.goibibo.tests.TS_002_Hotel_Booking" name="hotelBooking" time="214.743">
    <failure type="java.lang.AssertionError" message="Valdiation errors are [Please Enter Valid Card Number, Please Enter Valid CVV Number] expected [false] but found [true]">
      <![CDATA[java.lang.AssertionError: Valdiation errors are [Please Enter Valid Card Number, Please Enter Valid CVV Number] expected [false] but found [true]
at com.goibibo.tests.TS_002_Hotel_Booking.hotelBooking(TS_002_Hotel_Booking.java:126)
at java.base/java.util.ArrayList.forEach(ArrayList.java:1541)
... Removed 30 stack frames]]>
    </failure>
  </testcase> <!-- hotelBooking -->
  <testcase classname="com.goibibo.tests.TS_003_Hotel_Details" name="hotelDetails" time="116.679"/>
  <testcase classname="com.goibibo.tests.TS_004_Hotel_Filters" name="hotelFilters" time="292.491"/>
  <testcase classname="com.goibibo.baseclass.Baseclass" name="@BeforeSuite setupApplication" time="0.0">
    <ignored/>
  </testcase> <!-- @BeforeSuite setupApplication -->
  <testcase classname="com.goibibo.baseclass.Baseclass" name="@BeforeSuite setupApplication" time="0.0">
    <ignored/>
  </testcase> <!-- @BeforeSuite setupApplication -->
  <testcase classname="com.goibibo.baseclass.Baseclass" name="@BeforeSuite setupApplication" time="0.0">
    <ignored/>
  </testcase> <!-- @BeforeSuite setupApplication -->
</testsuite> <!-- Goibibo Tests -->
